<?xml version="1.0" encoding="UTF-8"?>
<!-- Generated by org.testng.reporters.JUnitReportReporter -->
<testsuite hostname="LTIN513918" failures="0" tests="14" name="Hackathon_Project.TestClass" time="65.577" errors="0" timestamp="2024-05-08T14:17:27 IST" skipped="0">
  <testcase classname="Hackathon_Project.TestClass" name="bookshelf" time="4.776"/>
  <testcase classname="Hackathon_Project.TestClass" name="PopUp" time="3.628"/>
  <testcase classname="Hackathon_Project.TestClass" name="storageDropown" time="2.493"/>
  <testcase classname="Hackathon_Project.TestClass" name="OpenType" time="2.682"/>
  <testcase classname="Hackathon_Project.TestClass" name="Exclude_out_of_stock" time="2.653"/>
  <testcase classname="Hackathon_Project.TestClass" name="Details" time="2.587"/>
  <testcase classname="Hackathon_Project.TestClass" name="collections" time="6.238"/>
  <testcase classname="Hackathon_Project.TestClass" name="SubMenu" time="5.432"/>
  <testcase classname="Hackathon_Project.TestClass" name="giftcards" time="8.484"/>
  <testcase classname="Hackathon_Project.TestClass" name="birthAnniversary" time="9.599"/>
  <testcase classname="Hackathon_Project.TestClass" name="amountButton" time="2.472"/>
  <testcase classname="Hackathon_Project.TestClass" name="selectedDate" time="3.706"/>
  <testcase classname="Hackathon_Project.TestClass" name="clickNext" time="4.866"/>
  <testcase classname="Hackathon_Project.TestClass" name="form" time="5.961"/>
</testsuite> <!-- Hackathon_Project.TestClass -->
